LOG:  database system was shut down at 2015-06-04 14:38:44 PDT
LOG:  checkpoint record is at 0/38FFE0
LOG:  redo record is at 0/38FFE0; undo record is at 0/0; shutdown TRUE
LOG:  next transaction ID: 565; next OID: 10794
LOG:  next MultiXactId: 1; next MultiXactOffset: 0
LOG:  database system is ready
LOG:  transaction ID wrap limit is 2147484146, limited by database "postgres"
LOG:  transaction ID wrap limit is 2147484146, limited by database "postgres"
ERROR:  table "work_expr" does not exist
ERROR:  table "educational_details" does not exist
ERROR:  table "message" does not exist
ERROR:  table "connection_usr" does not exist
ERROR:  table "usr" does not exist
NOTICE:  CREATE TABLE / PRIMARY KEY will create implicit index "usr_pkey" for table "usr"
NOTICE:  CREATE TABLE / PRIMARY KEY will create implicit index "work_expr_pkey" for table "work_expr"
NOTICE:  CREATE TABLE / PRIMARY KEY will create implicit index "educational_details_pkey" for table "educational_details"
NOTICE:  CREATE TABLE / PRIMARY KEY will create implicit index "message_pkey" for table "message"
NOTICE:  CREATE TABLE / PRIMARY KEY will create implicit index "connection_usr_pkey" for table "connection_usr"
ERROR:  duplicate key violates unique constraint "message_pkey"
LOG:  unexpected EOF on client connection
ERROR:  duplicate key violates unique constraint "message_pkey"
LOG:  unexpected EOF on client connection
ERROR:  duplicate key violates unique constraint "message_pkey"
LOG:  unexpected EOF on client connection
ERROR:  duplicate key violates unique constraint "message_pkey"
LOG:  unexpected EOF on client connection
ERROR:  function last(integer) does not exist
HINT:  No function matches the given name and argument types. You may need to add explicit type casts.
LOG:  unexpected EOF on client connection
ERROR:  function last(integer) does not exist
HINT:  No function matches the given name and argument types. You may need to add explicit type casts.
LOG:  unexpected EOF on client connection
LOG:  unexpected EOF on client connection
ERROR:  duplicate key violates unique constraint "message_pkey"
LOG:  unexpected EOF on client connection
LOG:  unexpected EOF on client connection
LOG:  unexpected EOF on client connection
